<?xml version="1.0" encoding="UTF-8"?>
<testsuite xmlns:xsi="http://www.w3.org/2001/XMLSchema-instance" xsi:noNamespaceSchemaLocation="https://maven.apache.org/surefire/maven-surefire-plugin/xsd/surefire-test-report.xsd" name="com.jeanyee.seckill.SeckillDemoApplicationTests" time="5.401" tests="1" errors="0" skipped="0" failures="0">
  <properties>
    <property name="sun.desktop" value="windows"/>
    <property name="awt.toolkit" value="sun.awt.windows.WToolkit"/>
    <property name="file.encoding.pkg" value="sun.io"/>
    <property name="java.specification.version" value="1.8"/>
    <property name="sun.cpu.isalist" value="amd64"/>
    <property name="sun.jnu.encoding" value="GBK"/>
    <property name="java.class.path" value="D:\Graduate\some test\Java_Example\seckill-demo\target\test-classes;D:\Graduate\some test\Java_Example\seckill-demo\target\classes;D:\apache-maven-3.6.3\MavenRepository\org\springframework\boot\spring-boot-starter-thymeleaf\2.5.9\spring-boot-starter-thymeleaf-2.5.9.jar;D:\apache-maven-3.6.3\MavenRepository\org\springframework\boot\spring-boot-starter\2.5.9\spring-boot-starter-2.5.9.jar;D:\apache-maven-3.6.3\MavenRepository\org\springframework\boot\spring-boot\2.5.9\spring-boot-2.5.9.jar;D:\apache-maven-3.6.3\MavenRepository\org\springframework\boot\spring-boot-starter-logging\2.5.9\spring-boot-starter-logging-2.5.9.jar;D:\apache-maven-3.6.3\MavenRepository\ch\qos\logback\logback-classic\1.2.10\logback-classic-1.2.10.jar;D:\apache-maven-3.6.3\MavenRepository\ch\qos\logback\logback-core\1.2.10\logback-core-1.2.10.jar;D:\apache-maven-3.6.3\MavenRepository\org\apache\logging\log4j\log4j-to-slf4j\2.17.1\log4j-to-slf4j-2.17.1.jar;D:\apache-maven-3.6.3\MavenRepository\org\apache\logging\log4j\log4j-api\2.17.1\log4j-api-2.17.1.jar;D:\apache-maven-3.6.3\MavenRepository\org\slf4j\jul-to-slf4j\1.7.33\jul-to-slf4j-1.7.33.jar;D:\apache-maven-3.6.3\MavenRepository\jakarta\annotation\jakarta.annotation-api\1.3.5\jakarta.annotation-api-1.3.5.jar;D:\apache-maven-3.6.3\MavenRepository\org\yaml\snakeyaml\1.28\snakeyaml-1.28.jar;D:\apache-maven-3.6.3\MavenRepository\org\thymeleaf\thymeleaf-spring5\3.0.14.RELEASE\thymeleaf-spring5-3.0.14.RELEASE.jar;D:\apache-maven-3.6.3\MavenRepository\org\thymeleaf\thymeleaf\3.0.14.RELEASE\thymeleaf-3.0.14.RELEASE.jar;D:\apache-maven-3.6.3\MavenRepository\org\attoparser\attoparser\2.0.5.RELEASE\attoparser-2.0.5.RELEASE.jar;D:\apache-maven-3.6.3\MavenRepository\org\unbescape\unbescape\1.1.6.RELEASE\unbescape-1.1.6.RELEASE.jar;D:\apache-maven-3.6.3\MavenRepository\org\slf4j\slf4j-api\1.7.33\slf4j-api-1.7.33.jar;D:\apache-maven-3.6.3\MavenRepository\org\thymeleaf\extras\thymeleaf-extras-java8time\3.0.4.RELEASE\thymeleaf-extras-java8time-3.0.4.RELEASE.jar;D:\apache-maven-3.6.3\MavenRepository\org\springframework\boot\spring-boot-starter-web\2.5.9\spring-boot-starter-web-2.5.9.jar;D:\apache-maven-3.6.3\MavenRepository\org\springframework\boot\spring-boot-starter-json\2.5.9\spring-boot-starter-json-2.5.9.jar;D:\apache-maven-3.6.3\MavenRepository\com\fasterxml\jackson\core\jackson-databind\2.12.6\jackson-databind-2.12.6.jar;D:\apache-maven-3.6.3\MavenRepository\com\fasterxml\jackson\core\jackson-annotations\2.12.6\jackson-annotations-2.12.6.jar;D:\apache-maven-3.6.3\MavenRepository\com\fasterxml\jackson\core\jackson-core\2.12.6\jackson-core-2.12.6.jar;D:\apache-maven-3.6.3\MavenRepository\com\fasterxml\jackson\datatype\jackson-datatype-jdk8\2.12.6\jackson-datatype-jdk8-2.12.6.jar;D:\apache-maven-3.6.3\MavenRepository\com\fasterxml\jackson\datatype\jackson-datatype-jsr310\2.12.6\jackson-datatype-jsr310-2.12.6.jar;D:\apache-maven-3.6.3\MavenRepository\com\fasterxml\jackson\module\jackson-module-parameter-names\2.12.6\jackson-module-parameter-names-2.12.6.jar;D:\apache-maven-3.6.3\MavenRepository\org\springframework\boot\spring-boot-starter-tomcat\2.5.9\spring-boot-starter-tomcat-2.5.9.jar;D:\apache-maven-3.6.3\MavenRepository\org\apache\tomcat\embed\tomcat-embed-core\9.0.56\tomcat-embed-core-9.0.56.jar;D:\apache-maven-3.6.3\MavenRepository\org\apache\tomcat\embed\tomcat-embed-websocket\9.0.56\tomcat-embed-websocket-9.0.56.jar;D:\apache-maven-3.6.3\MavenRepository\org\springframework\spring-web\5.3.15\spring-web-5.3.15.jar;D:\apache-maven-3.6.3\MavenRepository\org\springframework\spring-beans\5.3.15\spring-beans-5.3.15.jar;D:\apache-maven-3.6.3\MavenRepository\org\springframework\spring-webmvc\5.3.15\spring-webmvc-5.3.15.jar;D:\apache-maven-3.6.3\MavenRepository\org\springframework\spring-aop\5.3.15\spring-aop-5.3.15.jar;D:\apache-maven-3.6.3\MavenRepository\org\springframework\spring-context\5.3.15\spring-context-5.3.15.jar;D:\apache-maven-3.6.3\MavenRepository\org\springframework\spring-expression\5.3.15\spring-expression-5.3.15.jar;D:\apache-maven-3.6.3\MavenRepository\mysql\mysql-connector-java\8.0.28\mysql-connector-java-8.0.28.jar;D:\apache-maven-3.6.3\MavenRepository\org\projectlombok\lombok\1.18.22\lombok-1.18.22.jar;D:\apache-maven-3.6.3\MavenRepository\org\springframework\boot\spring-boot-starter-test\2.5.9\spring-boot-starter-test-2.5.9.jar;D:\apache-maven-3.6.3\MavenRepository\org\springframework\boot\spring-boot-test\2.5.9\spring-boot-test-2.5.9.jar;D:\apache-maven-3.6.3\MavenRepository\org\springframework\boot\spring-boot-test-autoconfigure\2.5.9\spring-boot-test-autoconfigure-2.5.9.jar;D:\apache-maven-3.6.3\MavenRepository\com\jayway\jsonpath\json-path\2.5.0\json-path-2.5.0.jar;D:\apache-maven-3.6.3\MavenRepository\net\minidev\json-smart\2.4.7\json-smart-2.4.7.jar;D:\apache-maven-3.6.3\MavenRepository\net\minidev\accessors-smart\2.4.7\accessors-smart-2.4.7.jar;D:\apache-maven-3.6.3\MavenRepository\org\ow2\asm\asm\9.1\asm-9.1.jar;D:\apache-maven-3.6.3\MavenRepository\jakarta\xml\bind\jakarta.xml.bind-api\2.3.3\jakarta.xml.bind-api-2.3.3.jar;D:\apache-maven-3.6.3\MavenRepository\jakarta\activation\jakarta.activation-api\1.2.2\jakarta.activation-api-1.2.2.jar;D:\apache-maven-3.6.3\MavenRepository\org\assertj\assertj-core\3.19.0\assertj-core-3.19.0.jar;D:\apache-maven-3.6.3\MavenRepository\org\hamcrest\hamcrest\2.2\hamcrest-2.2.jar;D:\apache-maven-3.6.3\MavenRepository\org\junit\jupiter\junit-jupiter\5.7.2\junit-jupiter-5.7.2.jar;D:\apache-maven-3.6.3\MavenRepository\org\junit\jupiter\junit-jupiter-api\5.7.2\junit-jupiter-api-5.7.2.jar;D:\apache-maven-3.6.3\MavenRepository\org\apiguardian\apiguardian-api\1.1.0\apiguardian-api-1.1.0.jar;D:\apache-maven-3.6.3\MavenRepository\org\opentest4j\opentest4j\1.2.0\opentest4j-1.2.0.jar;D:\apache-maven-3.6.3\MavenRepository\org\junit\platform\junit-platform-commons\1.7.2\junit-platform-commons-1.7.2.jar;D:\apache-maven-3.6.3\MavenRepository\org\junit\jupiter\junit-jupiter-params\5.7.2\junit-jupiter-params-5.7.2.jar;D:\apache-maven-3.6.3\MavenRepository\org\junit\jupiter\junit-jupiter-engine\5.7.2\junit-jupiter-engine-5.7.2.jar;D:\apache-maven-3.6.3\MavenRepository\org\junit\platform\junit-platform-engine\1.7.2\junit-platform-engine-1.7.2.jar;D:\apache-maven-3.6.3\MavenRepository\org\mockito\mockito-core\3.9.0\mockito-core-3.9.0.jar;D:\apache-maven-3.6.3\MavenRepository\net\bytebuddy\byte-buddy\1.10.22\byte-buddy-1.10.22.jar;D:\apache-maven-3.6.3\MavenRepository\net\bytebuddy\byte-buddy-agent\1.10.22\byte-buddy-agent-1.10.22.jar;D:\apache-maven-3.6.3\MavenRepository\org\objenesis\objenesis\3.2\objenesis-3.2.jar;D:\apache-maven-3.6.3\MavenRepository\org\mockito\mockito-junit-jupiter\3.9.0\mockito-junit-jupiter-3.9.0.jar;D:\apache-maven-3.6.3\MavenRepository\org\skyscreamer\jsonassert\1.5.0\jsonassert-1.5.0.jar;D:\apache-maven-3.6.3\MavenRepository\com\vaadin\external\google\android-json\0.0.20131108.vaadin1\android-json-0.0.20131108.vaadin1.jar;D:\apache-maven-3.6.3\MavenRepository\org\springframework\spring-core\5.3.15\spring-core-5.3.15.jar;D:\apache-maven-3.6.3\MavenRepository\org\springframework\spring-jcl\5.3.15\spring-jcl-5.3.15.jar;D:\apache-maven-3.6.3\MavenRepository\org\springframework\spring-test\5.3.15\spring-test-5.3.15.jar;D:\apache-maven-3.6.3\MavenRepository\org\xmlunit\xmlunit-core\2.8.4\xmlunit-core-2.8.4.jar;D:\apache-maven-3.6.3\MavenRepository\com\baomidou\mybatis-plus-boot-starter\3.0.5\mybatis-plus-boot-starter-3.0.5.jar;D:\apache-maven-3.6.3\MavenRepository\com\baomidou\mybatis-plus\3.0.5\mybatis-plus-3.0.5.jar;D:\apache-maven-3.6.3\MavenRepository\com\baomidou\mybatis-plus-extension\3.0.5\mybatis-plus-extension-3.0.5.jar;D:\apache-maven-3.6.3\MavenRepository\com\baomidou\mybatis-plus-core\3.0.5\mybatis-plus-core-3.0.5.jar;D:\apache-maven-3.6.3\MavenRepository\com\baomidou\mybatis-plus-annotation\3.0.5\mybatis-plus-annotation-3.0.5.jar;D:\apache-maven-3.6.3\MavenRepository\com\github\jsqlparser\jsqlparser\1.2\jsqlparser-1.2.jar;D:\apache-maven-3.6.3\MavenRepository\org\mybatis\mybatis-spring\1.3.2\mybatis-spring-1.3.2.jar;D:\apache-maven-3.6.3\MavenRepository\org\mybatis\mybatis\3.4.6\mybatis-3.4.6.jar;D:\apache-maven-3.6.3\MavenRepository\com\baomidou\mybatis-plus-generator\3.0.5\mybatis-plus-generator-3.0.5.jar;D:\apache-maven-3.6.3\MavenRepository\org\springframework\boot\spring-boot-autoconfigure\2.5.9\spring-boot-autoconfigure-2.5.9.jar;D:\apache-maven-3.6.3\MavenRepository\org\springframework\boot\spring-boot-starter-jdbc\2.5.9\spring-boot-starter-jdbc-2.5.9.jar;D:\apache-maven-3.6.3\MavenRepository\com\zaxxer\HikariCP\4.0.3\HikariCP-4.0.3.jar;D:\apache-maven-3.6.3\MavenRepository\org\springframework\spring-jdbc\5.3.15\spring-jdbc-5.3.15.jar;D:\apache-maven-3.6.3\MavenRepository\org\springframework\spring-tx\5.3.15\spring-tx-5.3.15.jar;D:\apache-maven-3.6.3\MavenRepository\org\springframework\boot\spring-boot-configuration-processor\2.5.9\spring-boot-configuration-processor-2.5.9.jar;D:\apache-maven-3.6.3\MavenRepository\commons-codec\commons-codec\1.15\commons-codec-1.15.jar;D:\apache-maven-3.6.3\MavenRepository\org\apache\commons\commons-lang3\3.9\commons-lang3-3.9.jar;D:\apache-maven-3.6.3\MavenRepository\org\springframework\boot\spring-boot-starter-validation\2.5.9\spring-boot-starter-validation-2.5.9.jar;D:\apache-maven-3.6.3\MavenRepository\org\apache\tomcat\embed\tomcat-embed-el\9.0.56\tomcat-embed-el-9.0.56.jar;D:\apache-maven-3.6.3\MavenRepository\org\hibernate\validator\hibernate-validator\6.2.0.Final\hibernate-validator-6.2.0.Final.jar;D:\apache-maven-3.6.3\MavenRepository\jakarta\validation\jakarta.validation-api\2.0.2\jakarta.validation-api-2.0.2.jar;D:\apache-maven-3.6.3\MavenRepository\org\jboss\logging\jboss-logging\3.4.3.Final\jboss-logging-3.4.3.Final.jar;D:\apache-maven-3.6.3\MavenRepository\com\fasterxml\classmate\1.5.1\classmate-1.5.1.jar;"/>
    <property name="java.vm.vendor" value="Oracle Corporation"/>
    <property name="sun.arch.data.model" value="64"/>
    <property name="user.variant" value=""/>
    <property name="java.vendor.url" value="http://java.oracle.com/"/>
    <property name="user.timezone" value="Asia/Shanghai"/>
    <property name="java.vm.specification.version" value="1.8"/>
    <property name="os.name" value="Windows 10"/>
    <property name="user.country" value="CN"/>
    <property name="sun.java.launcher" value="SUN_STANDARD"/>
    <property name="sun.boot.library.path" value="D:\Program Files\Java\jdk1.8.0_181\jre\bin"/>
    <property name="sun.java.command" value="C:\Users\HUAWEI\AppData\Local\Temp\surefire8113640033452037043\surefirebooter1080579196402393111.jar C:\Users\HUAWEI\AppData\Local\Temp\surefire8113640033452037043 2022-01-24T14-38-03_146-jvmRun1 surefire2419541237839597676tmp surefire_06274747069369772711tmp"/>
    <property name="surefire.test.class.path" value="D:\Graduate\some test\Java_Example\seckill-demo\target\test-classes;D:\Graduate\some test\Java_Example\seckill-demo\target\classes;D:\apache-maven-3.6.3\MavenRepository\org\springframework\boot\spring-boot-starter-thymeleaf\2.5.9\spring-boot-starter-thymeleaf-2.5.9.jar;D:\apache-maven-3.6.3\MavenRepository\org\springframework\boot\spring-boot-starter\2.5.9\spring-boot-starter-2.5.9.jar;D:\apache-maven-3.6.3\MavenRepository\org\springframework\boot\spring-boot\2.5.9\spring-boot-2.5.9.jar;D:\apache-maven-3.6.3\MavenRepository\org\springframework\boot\spring-boot-starter-logging\2.5.9\spring-boot-starter-logging-2.5.9.jar;D:\apache-maven-3.6.3\MavenRepository\ch\qos\logback\logback-classic\1.2.10\logback-classic-1.2.10.jar;D:\apache-maven-3.6.3\MavenRepository\ch\qos\logback\logback-core\1.2.10\logback-core-1.2.10.jar;D:\apache-maven-3.6.3\MavenRepository\org\apache\logging\log4j\log4j-to-slf4j\2.17.1\log4j-to-slf4j-2.17.1.jar;D:\apache-maven-3.6.3\MavenRepository\org\apache\logging\log4j\log4j-api\2.17.1\log4j-api-2.17.1.jar;D:\apache-maven-3.6.3\MavenRepository\org\slf4j\jul-to-slf4j\1.7.33\jul-to-slf4j-1.7.33.jar;D:\apache-maven-3.6.3\MavenRepository\jakarta\annotation\jakarta.annotation-api\1.3.5\jakarta.annotation-api-1.3.5.jar;D:\apache-maven-3.6.3\MavenRepository\org\yaml\snakeyaml\1.28\snakeyaml-1.28.jar;D:\apache-maven-3.6.3\MavenRepository\org\thymeleaf\thymeleaf-spring5\3.0.14.RELEASE\thymeleaf-spring5-3.0.14.RELEASE.jar;D:\apache-maven-3.6.3\MavenRepository\org\thymeleaf\thymeleaf\3.0.14.RELEASE\thymeleaf-3.0.14.RELEASE.jar;D:\apache-maven-3.6.3\MavenRepository\org\attoparser\attoparser\2.0.5.RELEASE\attoparser-2.0.5.RELEASE.jar;D:\apache-maven-3.6.3\MavenRepository\org\unbescape\unbescape\1.1.6.RELEASE\unbescape-1.1.6.RELEASE.jar;D:\apache-maven-3.6.3\MavenRepository\org\slf4j\slf4j-api\1.7.33\slf4j-api-1.7.33.jar;D:\apache-maven-3.6.3\MavenRepository\org\thymeleaf\extras\thymeleaf-extras-java8time\3.0.4.RELEASE\thymeleaf-extras-java8time-3.0.4.RELEASE.jar;D:\apache-maven-3.6.3\MavenRepository\org\springframework\boot\spring-boot-starter-web\2.5.9\spring-boot-starter-web-2.5.9.jar;D:\apache-maven-3.6.3\MavenRepository\org\springframework\boot\spring-boot-starter-json\2.5.9\spring-boot-starter-json-2.5.9.jar;D:\apache-maven-3.6.3\MavenRepository\com\fasterxml\jackson\core\jackson-databind\2.12.6\jackson-databind-2.12.6.jar;D:\apache-maven-3.6.3\MavenRepository\com\fasterxml\jackson\core\jackson-annotations\2.12.6\jackson-annotations-2.12.6.jar;D:\apache-maven-3.6.3\MavenRepository\com\fasterxml\jackson\core\jackson-core\2.12.6\jackson-core-2.12.6.jar;D:\apache-maven-3.6.3\MavenRepository\com\fasterxml\jackson\datatype\jackson-datatype-jdk8\2.12.6\jackson-datatype-jdk8-2.12.6.jar;D:\apache-maven-3.6.3\MavenRepository\com\fasterxml\jackson\datatype\jackson-datatype-jsr310\2.12.6\jackson-datatype-jsr310-2.12.6.jar;D:\apache-maven-3.6.3\MavenRepository\com\fasterxml\jackson\module\jackson-module-parameter-names\2.12.6\jackson-module-parameter-names-2.12.6.jar;D:\apache-maven-3.6.3\MavenRepository\org\springframework\boot\spring-boot-starter-tomcat\2.5.9\spring-boot-starter-tomcat-2.5.9.jar;D:\apache-maven-3.6.3\MavenRepository\org\apache\tomcat\embed\tomcat-embed-core\9.0.56\tomcat-embed-core-9.0.56.jar;D:\apache-maven-3.6.3\MavenRepository\org\apache\tomcat\embed\tomcat-embed-websocket\9.0.56\tomcat-embed-websocket-9.0.56.jar;D:\apache-maven-3.6.3\MavenRepository\org\springframework\spring-web\5.3.15\spring-web-5.3.15.jar;D:\apache-maven-3.6.3\MavenRepository\org\springframework\spring-beans\5.3.15\spring-beans-5.3.15.jar;D:\apache-maven-3.6.3\MavenRepository\org\springframework\spring-webmvc\5.3.15\spring-webmvc-5.3.15.jar;D:\apache-maven-3.6.3\MavenRepository\org\springframework\spring-aop\5.3.15\spring-aop-5.3.15.jar;D:\apache-maven-3.6.3\MavenRepository\org\springframework\spring-context\5.3.15\spring-context-5.3.15.jar;D:\apache-maven-3.6.3\MavenRepository\org\springframework\spring-expression\5.3.15\spring-expression-5.3.15.jar;D:\apache-maven-3.6.3\MavenRepository\mysql\mysql-connector-java\8.0.28\mysql-connector-java-8.0.28.jar;D:\apache-maven-3.6.3\MavenRepository\org\projectlombok\lombok\1.18.22\lombok-1.18.22.jar;D:\apache-maven-3.6.3\MavenRepository\org\springframework\boot\spring-boot-starter-test\2.5.9\spring-boot-starter-test-2.5.9.jar;D:\apache-maven-3.6.3\MavenRepository\org\springframework\boot\spring-boot-test\2.5.9\spring-boot-test-2.5.9.jar;D:\apache-maven-3.6.3\MavenRepository\org\springframework\boot\spring-boot-test-autoconfigure\2.5.9\spring-boot-test-autoconfigure-2.5.9.jar;D:\apache-maven-3.6.3\MavenRepository\com\jayway\jsonpath\json-path\2.5.0\json-path-2.5.0.jar;D:\apache-maven-3.6.3\MavenRepository\net\minidev\json-smart\2.4.7\json-smart-2.4.7.jar;D:\apache-maven-3.6.3\MavenRepository\net\minidev\accessors-smart\2.4.7\accessors-smart-2.4.7.jar;D:\apache-maven-3.6.3\MavenRepository\org\ow2\asm\asm\9.1\asm-9.1.jar;D:\apache-maven-3.6.3\MavenRepository\jakarta\xml\bind\jakarta.xml.bind-api\2.3.3\jakarta.xml.bind-api-2.3.3.jar;D:\apache-maven-3.6.3\MavenRepository\jakarta\activation\jakarta.activation-api\1.2.2\jakarta.activation-api-1.2.2.jar;D:\apache-maven-3.6.3\MavenRepository\org\assertj\assertj-core\3.19.0\assertj-core-3.19.0.jar;D:\apache-maven-3.6.3\MavenRepository\org\hamcrest\hamcrest\2.2\hamcrest-2.2.jar;D:\apache-maven-3.6.3\MavenRepository\org\junit\jupiter\junit-jupiter\5.7.2\junit-jupiter-5.7.2.jar;D:\apache-maven-3.6.3\MavenRepository\org\junit\jupiter\junit-jupiter-api\5.7.2\junit-jupiter-api-5.7.2.jar;D:\apache-maven-3.6.3\MavenRepository\org\apiguardian\apiguardian-api\1.1.0\apiguardian-api-1.1.0.jar;D:\apache-maven-3.6.3\MavenRepository\org\opentest4j\opentest4j\1.2.0\opentest4j-1.2.0.jar;D:\apache-maven-3.6.3\MavenRepository\org\junit\platform\junit-platform-commons\1.7.2\junit-platform-commons-1.7.2.jar;D:\apache-maven-3.6.3\MavenRepository\org\junit\jupiter\junit-jupiter-params\5.7.2\junit-jupiter-params-5.7.2.jar;D:\apache-maven-3.6.3\MavenRepository\org\junit\jupiter\junit-jupiter-engine\5.7.2\junit-jupiter-engine-5.7.2.jar;D:\apache-maven-3.6.3\MavenRepository\org\junit\platform\junit-platform-engine\1.7.2\junit-platform-engine-1.7.2.jar;D:\apache-maven-3.6.3\MavenRepository\org\mockito\mockito-core\3.9.0\mockito-core-3.9.0.jar;D:\apache-maven-3.6.3\MavenRepository\net\bytebuddy\byte-buddy\1.10.22\byte-buddy-1.10.22.jar;D:\apache-maven-3.6.3\MavenRepository\net\bytebuddy\byte-buddy-agent\1.10.22\byte-buddy-agent-1.10.22.jar;D:\apache-maven-3.6.3\MavenRepository\org\objenesis\objenesis\3.2\objenesis-3.2.jar;D:\apache-maven-3.6.3\MavenRepository\org\mockito\mockito-junit-jupiter\3.9.0\mockito-junit-jupiter-3.9.0.jar;D:\apache-maven-3.6.3\MavenRepository\org\skyscreamer\jsonassert\1.5.0\jsonassert-1.5.0.jar;D:\apache-maven-3.6.3\MavenRepository\com\vaadin\external\google\android-json\0.0.20131108.vaadin1\android-json-0.0.20131108.vaadin1.jar;D:\apache-maven-3.6.3\MavenRepository\org\springframework\spring-core\5.3.15\spring-core-5.3.15.jar;D:\apache-maven-3.6.3\MavenRepository\org\springframework\spring-jcl\5.3.15\spring-jcl-5.3.15.jar;D:\apache-maven-3.6.3\MavenRepository\org\springframework\spring-test\5.3.15\spring-test-5.3.15.jar;D:\apache-maven-3.6.3\MavenRepository\org\xmlunit\xmlunit-core\2.8.4\xmlunit-core-2.8.4.jar;D:\apache-maven-3.6.3\MavenRepository\com\baomidou\mybatis-plus-boot-starter\3.0.5\mybatis-plus-boot-starter-3.0.5.jar;D:\apache-maven-3.6.3\MavenRepository\com\baomidou\mybatis-plus\3.0.5\mybatis-plus-3.0.5.jar;D:\apache-maven-3.6.3\MavenRepository\com\baomidou\mybatis-plus-extension\3.0.5\mybatis-plus-extension-3.0.5.jar;D:\apache-maven-3.6.3\MavenRepository\com\baomidou\mybatis-plus-core\3.0.5\mybatis-plus-core-3.0.5.jar;D:\apache-maven-3.6.3\MavenRepository\com\baomidou\mybatis-plus-annotation\3.0.5\mybatis-plus-annotation-3.0.5.jar;D:\apache-maven-3.6.3\MavenRepository\com\github\jsqlparser\jsqlparser\1.2\jsqlparser-1.2.jar;D:\apache-maven-3.6.3\MavenRepository\org\mybatis\mybatis-spring\1.3.2\mybatis-spring-1.3.2.jar;D:\apache-maven-3.6.3\MavenRepository\org\mybatis\mybatis\3.4.6\mybatis-3.4.6.jar;D:\apache-maven-3.6.3\MavenRepository\com\baomidou\mybatis-plus-generator\3.0.5\mybatis-plus-generator-3.0.5.jar;D:\apache-maven-3.6.3\MavenRepository\org\springframework\boot\spring-boot-autoconfigure\2.5.9\spring-boot-autoconfigure-2.5.9.jar;D:\apache-maven-3.6.3\MavenRepository\org\springframework\boot\spring-boot-starter-jdbc\2.5.9\spring-boot-starter-jdbc-2.5.9.jar;D:\apache-maven-3.6.3\MavenRepository\com\zaxxer\HikariCP\4.0.3\HikariCP-4.0.3.jar;D:\apache-maven-3.6.3\MavenRepository\org\springframework\spring-jdbc\5.3.15\spring-jdbc-5.3.15.jar;D:\apache-maven-3.6.3\MavenRepository\org\springframework\spring-tx\5.3.15\spring-tx-5.3.15.jar;D:\apache-maven-3.6.3\MavenRepository\org\springframework\boot\spring-boot-configuration-processor\2.5.9\spring-boot-configuration-processor-2.5.9.jar;D:\apache-maven-3.6.3\MavenRepository\commons-codec\commons-codec\1.15\commons-codec-1.15.jar;D:\apache-maven-3.6.3\MavenRepository\org\apache\commons\commons-lang3\3.9\commons-lang3-3.9.jar;D:\apache-maven-3.6.3\MavenRepository\org\springframework\boot\spring-boot-starter-validation\2.5.9\spring-boot-starter-validation-2.5.9.jar;D:\apache-maven-3.6.3\MavenRepository\org\apache\tomcat\embed\tomcat-embed-el\9.0.56\tomcat-embed-el-9.0.56.jar;D:\apache-maven-3.6.3\MavenRepository\org\hibernate\validator\hibernate-validator\6.2.0.Final\hibernate-validator-6.2.0.Final.jar;D:\apache-maven-3.6.3\MavenRepository\jakarta\validation\jakarta.validation-api\2.0.2\jakarta.validation-api-2.0.2.jar;D:\apache-maven-3.6.3\MavenRepository\org\jboss\logging\jboss-logging\3.4.3.Final\jboss-logging-3.4.3.Final.jar;D:\apache-maven-3.6.3\MavenRepository\com\fasterxml\classmate\1.5.1\classmate-1.5.1.jar;"/>
    <property name="sun.cpu.endian" value="little"/>
    <property name="user.home" value="C:\Users\HUAWEI"/>
    <property name="user.language" value="zh"/>
    <property name="java.specification.vendor" value="Oracle Corporation"/>
    <property name="java.home" value="D:\Program Files\Java\jdk1.8.0_181\jre"/>
    <property name="basedir" value="D:\Graduate\some test\Java_Example\seckill-demo"/>
    <property name="file.separator" value="\"/>
    <property name="line.separator" value="&#10;"/>
    <property name="java.vm.specification.vendor" value="Oracle Corporation"/>
    <property name="java.specification.name" value="Java Platform API Specification"/>
    <property name="java.awt.graphicsenv" value="sun.awt.Win32GraphicsEnvironment"/>
    <property name="surefire.real.class.path" value="C:\Users\HUAWEI\AppData\Local\Temp\surefire8113640033452037043\surefirebooter1080579196402393111.jar"/>
    <property name="sun.boot.class.path" value="D:\Program Files\Java\jdk1.8.0_181\jre\lib\resources.jar;D:\Program Files\Java\jdk1.8.0_181\jre\lib\rt.jar;D:\Program Files\Java\jdk1.8.0_181\jre\lib\sunrsasign.jar;D:\Program Files\Java\jdk1.8.0_181\jre\lib\jsse.jar;D:\Program Files\Java\jdk1.8.0_181\jre\lib\jce.jar;D:\Program Files\Java\jdk1.8.0_181\jre\lib\charsets.jar;D:\Program Files\Java\jdk1.8.0_181\jre\lib\jfr.jar;D:\Program Files\Java\jdk1.8.0_181\jre\classes"/>
    <property name="user.script" value=""/>
    <property name="sun.management.compiler" value="HotSpot 64-Bit Tiered Compilers"/>
    <property name="java.runtime.version" value="1.8.0_181-b13"/>
    <property name="user.name" value="HUAWEI"/>
    <property name="path.separator" value=";"/>
    <property name="os.version" value="10.0"/>
    <property name="java.endorsed.dirs" value="D:\Program Files\Java\jdk1.8.0_181\jre\lib\endorsed"/>
    <property name="java.runtime.name" value="Java(TM) SE Runtime Environment"/>
    <property name="file.encoding" value="GBK"/>
    <property name="java.vm.name" value="Java HotSpot(TM) 64-Bit Server VM"/>
    <property name="localRepository" value="D:\apache-maven-3.6.3\MavenRepository"/>
    <property name="java.vendor.url.bug" value="http://bugreport.sun.com/bugreport/"/>
    <property name="java.io.tmpdir" value="C:\Users\HUAWEI\AppData\Local\Temp\"/>
    <property name="idea.version" value="2021.1.3"/>
    <property name="java.version" value="1.8.0_181"/>
    <property name="user.dir" value="D:\Graduate\some test\Java_Example\seckill-demo"/>
    <property name="os.arch" value="amd64"/>
    <property name="java.vm.specification.name" value="Java Virtual Machine Specification"/>
    <property name="java.awt.printerjob" value="sun.awt.windows.WPrinterJob"/>
    <property name="sun.os.patch.level" value=""/>
    <property name="java.library.path" value="D:\Program Files\Java\jdk1.8.0_181\jre\bin;C:\Windows\Sun\Java\bin;C:\Windows\system32;C:\Windows;D:\NVIDIA\CUDA\v10.2\bin;D:\NVIDIA\CUDA\v10.2\libnvvp;C:\Program Files (x86)\Common Files\Oracle\Java\javapath;D:\ProgramData\Anaconda3;D:\ProgramData\Anaconda3\Library\mingw-w64\bin;D:\ProgramData\Anaconda3\Library\usr\bin;D:\ProgramData\Anaconda3\Library\bin;D:\ProgramData\Anaconda3\Scripts;C:\Program Files (x86)\Intel\Intel(R) Management Engine Components\iCLS\;C:\Program Files\Intel\Intel(R) Management Engine Components\iCLS\;C:\Windows\system32;C:\Windows;C:\Windows\System32\Wbem;C:\Windows\System32\WindowsPowerShell\v1.0\;C:\Windows\System32\OpenSSH\;C:\Program Files (x86)\Intel\Intel(R) Management Engine Components\DAL;C:\Program Files\Intel\Intel(R) Management Engine Components\DAL;C:\Program Files (x86)\Intel\Intel(R) Management Engine Components\IPT;C:\Program Files\Intel\Intel(R) Management Engine Components\IPT;C:\Program Files\Intel\WiFi\bin\;C:\Program Files\Common Files\Intel\WirelessCommon\;D:\Program Files\Java\jdk1.8.0_181\bin;D:\Program Files\Java\jdk1.8.0_181\jre\bin;D:\apache-maven-3.6.3\bin;D:\apache-tomcat-9.0.50\bin;D:\apache-tomcat-9.0.50\lib;D:\Program Files\Graphviz\bin;D:\Program Files\MySQL\MySQL Server 8.0\bin;C:\Program Files\NVIDIA Corporation\NVSMI;;C:\Program Files (x86)\NVIDIA Corporation\PhysX\Common;C:\Program Files\NVIDIA Corporation\Nsight Compute 2019.5.0\;C:\Users\HUAWEI\AppData\Local\Microsoft\WindowsApps;D:\Program Files\MiKTeX\miktex\bin\x64\;D:\Program Files\Microsoft VS Code\bin;."/>
    <property name="java.vm.info" value="mixed mode"/>
    <property name="java.vendor" value="Oracle Corporation"/>
    <property name="java.vm.version" value="25.181-b13"/>
    <property name="java.ext.dirs" value="D:\Program Files\Java\jdk1.8.0_181\jre\lib\ext;C:\Windows\Sun\Java\lib\ext"/>
    <property name="sun.io.unicode.encoding" value="UnicodeLittle"/>
    <property name="java.class.version" value="52.0"/>
  </properties>
  <testcase name="contextLoads" classname="com.jeanyee.seckill.SeckillDemoApplicationTests" time="0.256"/>
</testsuite>